iMPACT Version: 14.7

iMPACT log file Started on Thu Dec  8 17:37:56 2016

Welcome to iMPACT
iMPACT Version: 14.7
// *** BATCH CMD : setMode -bs
GUI --- Auto connect to cable...
// *** BATCH CMD : setCable -port auto
INFO:iMPACT - Digilent Plugin: Plugin Version: 2.4.4
INFO:iMPACT - Digilent Plugin: found 1 device(s).
INFO:iMPACT - Digilent Plugin: opening device: "DCabUsb", SN:50003C000060
INFO:iMPACT - Digilent Plugin: User Name: DCabUsb
INFO:iMPACT - Digilent Plugin: Product Name: JTAG-USB Cable
INFO:iMPACT - Digilent Plugin: Serial Number: 50003C000060
INFO:iMPACT - Digilent Plugin: Product ID: 30100203
INFO:iMPACT - Digilent Plugin: Firmware Version: 0303
INFO:iMPACT - Digilent Plugin: JTAG Port Number: 0
INFO:iMPACT - Digilent Plugin: JTAG Clock Frequency: 1600000 Hz
Attempting to identify devices in the boundary-scan chain configuration...
INFO:iMPACT - Current time: 12/8/16 5:38 PM
// *** BATCH CMD : Identify -inferir 
PROGRESS_START - Starting Operation.
Identifying chain contents...'0': : Manufacturer's ID = Unknown 
INFO:iMPACT:501 - '1': Added Device UNKNOWN successfully.
----------------------------------------------------------------------
'1': : Manufacturer's ID = Unknown 
INFO:iMPACT:501 - '1': Added Device UNKNOWN successfully.
----------------------------------------------------------------------
'2': : Manufacturer's ID = Unknown 
INFO:iMPACT:501 - '1': Added Device UNKNOWN successfully.
----------------------------------------------------------------------
'3': : Manufacturer's ID = Unknown 
INFO:iMPACT:501 - '1': Added Device UNKNOWN successfully.
----------------------------------------------------------------------
'4': : Manufacturer's ID = Unknown 
INFO:iMPACT:501 - '1': Added Device UNKNOWN successfully.
----------------------------------------------------------------------
'5': : Manufacturer's ID = Unknown 
INFO:iMPACT:501 - '1': Added Device UNKNOWN successfully.
----------------------------------------------------------------------
'6': : Manufacturer's ID = Unknown 
INFO:iMPACT:501 - '1': Added Device UNKNOWN successfully.
----------------------------------------------------------------------
'7': : Manufacturer's ID = Unknown 
INFO:iMPACT:501 - '1': Added Device UNKNOWN successfully.
----------------------------------------------------------------------
'8': : Manufacturer's ID = Unknown 
INFO:iMPACT:501 - '1': Added Device UNKNOWN successfully.
----------------------------------------------------------------------
'9': : Manufacturer's ID = Unknown 
INFO:iMPACT:501 - '1': Added Device UNKNOWN successfully.
----------------------------------------------------------------------
'10': : Manufacturer's ID = Unknown 
INFO:iMPACT:501 - '1': Added Device UNKNOWN successfully.
----------------------------------------------------------------------
'11': : Manufacturer's ID = Unknown 
INFO:iMPACT:501 - '1': Added Device UNKNOWN successfully.
----------------------------------------------------------------------
'12': : Manufacturer's ID = Unknown 
INFO:iMPACT:501 - '1': Added Device UNKNOWN successfully.
----------------------------------------------------------------------
'13': : Manufacturer's ID = Unknown 
INFO:iMPACT:501 - '1': Added Device UNKNOWN successfully.
----------------------------------------------------------------------
'14': : Manufacturer's ID = Unknown 
INFO:iMPACT:501 - '1': Added Device UNKNOWN successfully.
----------------------------------------------------------------------
'15': : Manufacturer's ID = Unknown 
INFO:iMPACT:501 - '1': Added Device UNKNOWN successfully.
----------------------------------------------------------------------
'16': : Manufacturer's ID = Unknown 
INFO:iMPACT:501 - '1': Added Device UNKNOWN successfully.
----------------------------------------------------------------------
'17': : Manufacturer's ID = Unknown 
INFO:iMPACT:501 - '1': Added Device UNKNOWN successfully.
----------------------------------------------------------------------
'18': : Manufacturer's ID = Unknown 
INFO:iMPACT:501 - '1': Added Device UNKNOWN successfully.
----------------------------------------------------------------------
'19': : Manufacturer's ID = Unknown 
INFO:iMPACT:501 - '1': Added Device UNKNOWN successfully.
----------------------------------------------------------------------
'20': : Manufacturer's ID = Unknown 
INFO:iMPACT:501 - '1': Added Device UNKNOWN successfully.
----------------------------------------------------------------------
'21': : Manufacturer's ID = Unknown 
INFO:iMPACT:501 - '1': Added Device UNKNOWN successfully.
----------------------------------------------------------------------
'22': : Manufacturer's ID = Unknown 
INFO:iMPACT:501 - '1': Added Device UNKNOWN successfully.
----------------------------------------------------------------------
'23': : Manufacturer's ID = Unknown 
INFO:iMPACT:501 - '1': Added Device UNKNOWN successfully.
----------------------------------------------------------------------
'24': : Manufacturer's ID = Unknown 
INFO:iMPACT:501 - '1': Added Device UNKNOWN successfully.
----------------------------------------------------------------------
'25': : Manufacturer's ID = Unknown 
INFO:iMPACT:501 - '1': Added Device UNKNOWN successfully.
----------------------------------------------------------------------
'26': : Manufacturer's ID = Unknown 
INFO:iMPACT:501 - '1': Added Device UNKNOWN successfully.
----------------------------------------------------------------------
'27': : Manufacturer's ID = Unknown 
INFO:iMPACT:501 - '1': Added Device UNKNOWN successfully.
----------------------------------------------------------------------
'28': : Manufacturer's ID = Unknown 
INFO:iMPACT:501 - '1': Added Device UNKNOWN successfully.
----------------------------------------------------------------------
'29': : Manufacturer's ID = Unknown 
INFO:iMPACT:501 - '1': Added Device UNKNOWN successfully.
----------------------------------------------------------------------
ERROR:iMPACT - A problem may exist in the hardware configuration. that the   cable, scan chain, and power connections are intact, that the specified scan   chain configuration matches the actual hardware, and that the power supply is   adequate and delivering the correct voltage.
----------------------------------------------------------------------
PROGRESS_END - End Operation.
Elapsed time =      4 sec.
Attempting to identify devices in the boundary-scan chain configuration...
INFO:iMPACT - Current time: 12/8/16 5:38 PM
// *** BATCH CMD : Identify -inferir 
PROGRESS_START - Starting Operation.
Identifying chain contents...'0': : Manufacturer's ID = Xilinx xc6slx45, Version : 4
INFO:iMPACT:1777 - 
   Reading /opt/Xilinx/14.7/ISE_DS/ISE/spartan6/data/xc6slx45.bsd...
INFO:iMPACT:501 - '1': Added Device xc6slx45 successfully.
----------------------------------------------------------------------
done.
PROGRESS_END - End Operation.
Elapsed time =      0 sec.
// *** BATCH CMD : identifyMPM 
// *** BATCH CMD : assignFile -p 1 -file"/home/kouhei/dmix/ise/tepla/ipcore_dir/nkmd_ddr3/example_design/par/example_top.bit"
'1': Loading file'/home/kouhei/dmix/ise/tepla/ipcore_dir/nkmd_ddr3/example_design/par/example_top.bit' ...
done.
INFO:iMPACT:2257 - Startup Clock has been changed to 'JtagClk' in the bitstream   stored in memory,
   but the original bitstream file remains unchanged.
UserID read from the bitstream file = 0xFFFFFFFF.
Data width read from the bitstream file = 1.
INFO:iMPACT:501 - '1': Added Device xc6slx45 successfully.
----------------------------------------------------------------------
INFO:iMPACT - Current time: 12/8/16 5:39 PM
// *** BATCH CMD : Program -p 1 
Maximum TCK operating frequency for this device chain: 0.
Validating chain...
Boundary-scan chain validated successfully.
PROGRESS_START - Starting Operation.
'1': Programming device...
 LCK_cycle = NoWait.
LCK cycle: NoWait
done.
'1': Reading status register contents...
[0] CRC ERROR                                                              :        0
[1] IDCODE ERROR                                                           :        0
[2] DCM LOCK STATUS                                                        :        0
[3] GTS_CFG_B STATUS                                                       :        0
[4] GWE STATUS                                                             :        0
[5] GHIGH STATUS                                                           :        0
[6] DECRYPTION ERROR                                                       :        0
[7] DECRYPTOR ENABLE                                                       :        0
[8] HSWAPEN PIN                                                            :        0
[9] MODE PIN M[0]                                                          :        0
[10] MODE PIN M[1]                                                         :        0
[11] RESERVED                                                              :        0
[12] INIT_B PIN                                                            :        0
[13] DONE PIN                                                              :        0
[14] SUSPEND STATUS                                                        :        0
[15] FALLBACK STATUS                                                       :        0
INFO:iMPACT:2219 - Status register values:
INFO:iMPACT - 0000 0000 0000 0000 
INFO:iMPACT:579 - '1': Completed downloading bit file to device.
INFO:iMPACT:188 - '1': Programming completed successfully.
 LCK_cycle = NoWait.
LCK cycle: NoWait
INFO:iMPACT - '1': Checking done pin....done.
'1': Programming terminated. DONE did not go high.
PROGRESS_END - End Operation.
Elapsed time =      8 sec.
INFO:iMPACT - Current time: 12/8/16 5:40 PM
// *** BATCH CMD : Program -p 1 
Maximum TCK operating frequency for this device chain: 0.
Validating chain...
PROGRESS_START - Starting Operation.
Boundary-scan chain validated successfully.
'1': Programming device...
 LCK_cycle = NoWait.
LCK cycle: NoWait
done.
'1': Reading status register contents...
[0] CRC ERROR                                                              :        0
[1] IDCODE ERROR                                                           :        0
[2] DCM LOCK STATUS                                                        :        0
[3] GTS_CFG_B STATUS                                                       :        1
[4] GWE STATUS                                                             :        1
[5] GHIGH STATUS                                                           :        1
[6] DECRYPTION ERROR                                                       :        0
[7] DECRYPTOR ENABLE                                                       :        0
[8] HSWAPEN PIN                                                            :        1
[9] MODE PIN M[0]                                                          :        1
[10] MODE PIN M[1]                                                         :        1
[11] RESERVED                                                              :        0
[12] INIT_B PIN                                                            :        1
[13] DONE PIN                                                              :        1
[14] SUSPEND STATUS                                                        :        0
[15] FALLBACK STATUS                                                       :        0
INFO:iMPACT:2219 - Status register values:
INFO:iMPACT - 0001 1100 1110 1100 
INFO:iMPACT:579 - '1': Completed downloading bit file to device.
INFO:iMPACT:188 - '1': Programming completed successfully.
 LCK_cycle = NoWait.
LCK cycle: NoWait
INFO:iMPACT - '1': Checking done pin....done.
'1': Programmed successfully.
PROGRESS_END - End Operation.
Elapsed time =      8 sec.
INFO:iMPACT - Current time: 12/8/16 5:40 PM
// *** BATCH CMD : Program -p 1 
Maximum TCK operating frequency for this device chain: 0.
Validating chain...
Boundary-scan chain validated successfully.
PROGRESS_START - Starting Operation.
'1': Programming device...
 LCK_cycle = NoWait.
LCK cycle: NoWait
done.
'1': Reading status register contents...
[0] CRC ERROR                                                              :        0
[1] IDCODE ERROR                                                           :        0
[2] DCM LOCK STATUS                                                        :        0
[3] GTS_CFG_B STATUS                                                       :        0
[4] GWE STATUS                                                             :        0
[5] GHIGH STATUS                                                           :        0
[6] DECRYPTION ERROR                                                       :        0
[7] DECRYPTOR ENABLE                                                       :        0
[8] HSWAPEN PIN                                                            :        0
[9] MODE PIN M[0]                                                          :        0
[10] MODE PIN M[1]                                                         :        0
[11] RESERVED                                                              :        0
[12] INIT_B PIN                                                            :        0
[13] DONE PIN                                                              :        0
[14] SUSPEND STATUS                                                        :        0
[15] FALLBACK STATUS                                                       :        0
INFO:iMPACT:2219 - Status register values:
INFO:iMPACT - 0000 0000 0000 0000 
INFO:iMPACT:579 - '1': Completed downloading bit file to device.
INFO:iMPACT:188 - '1': Programming completed successfully.
 LCK_cycle = NoWait.
LCK cycle: NoWait
INFO:iMPACT - '1': Checking done pin....done.
'1': Programming terminated. DONE did not go high.
PROGRESS_END - End Operation.
Elapsed time =      8 sec.
INFO:iMPACT - Current time: 12/8/16 5:41 PM
// *** BATCH CMD : Program -p 1 
Maximum TCK operating frequency for this device chain: 0.
Validating chain...
Boundary-scan chain validated successfully.
PROGRESS_START - Starting Operation.
'1': Programming device...
 LCK_cycle = NoWait.
LCK cycle: NoWait
done.
'1': Reading status register contents...
[0] CRC ERROR                                                              :        0
[1] IDCODE ERROR                                                           :        0
[2] DCM LOCK STATUS                                                        :        0
[3] GTS_CFG_B STATUS                                                       :        0
[4] GWE STATUS                                                             :        0
[5] GHIGH STATUS                                                           :        0
[6] DECRYPTION ERROR                                                       :        0
[7] DECRYPTOR ENABLE                                                       :        0
[8] HSWAPEN PIN                                                            :        0
[9] MODE PIN M[0]                                                          :        0
[10] MODE PIN M[1]                                                         :        0
[11] RESERVED                                                              :        0
[12] INIT_B PIN                                                            :        0
[13] DONE PIN                                                              :        0
[14] SUSPEND STATUS                                                        :        0
[15] FALLBACK STATUS                                                       :        0
INFO:iMPACT:2219 - Status register values:
INFO:iMPACT - 0000 0000 0000 0000 
INFO:iMPACT:579 - '1': Completed downloading bit file to device.
INFO:iMPACT:188 - '1': Programming completed successfully.
 LCK_cycle = NoWait.
LCK cycle: NoWait
INFO:iMPACT - '1': Checking done pin....done.
'1': Programming terminated. DONE did not go high.
PROGRESS_END - End Operation.
Elapsed time =      8 sec.
INFO:iMPACT - Current time: 12/8/16 5:41 PM
// *** BATCH CMD : ReadStatusRegister -p 1 
Maximum TCK operating frequency for this device chain: 0.
Validating chain...
Boundary-scan chain validated successfully.
'1': Reading bootsts register contents...
[0] VALID_0 - ERROR OR END OF STARTUP (EOS) DETECTED                       :        1
[1] FALLBACK_0 - FALLBACK RECONFIGURATION ATTEMPT DETECTED                 :        0
[2] RESERVED                                                               :        0
[3] WTO_ERROR_0 - WATCHDOG TIME OUT ERROR                                  :        0
[4] ID_ERROR_0 - FPGA DEVICE IDCODE ERROR                                  :        0
[5] CRC_ERROR_0 - CYCLIC REDUNDANCY CHECK (CRC) ERROR                      :        0
[6] VALID_1 - ERROR OR END OF STARTUP (EOS) DETECTED                       :        0
[7] FALLBACK_1 - FALLBACK RECONFIGURATION ATTEMPT DETECTED                 :        0
[8] RESERVED                                                               :        0
[9] WTO_ERROR_1 - WATCHDOG TIME OUT ERROR                                  :        0
[10] ID_ERROR_1 - FPGA DEVICE IDCODE ERROR                                 :        0
[11] CRC_ERROR_1 - CYCLIC REDUNDANCY CHECK (CRC) ERROR                     :        0
[12] STRIKE CNT - STRIKE COUNT FOR FALLBACK ATTEMPTS                       :        0
[13] STRIKE_CNT - STRIKE COUNT FOR FALLBACK ATTEMPTS                       :        0
[14] STRIKE_CNT - STRIKE COUNT FOR FALLBACK ATTEMPTS                       :        0
[15] STRIKE_CNT - STRIKE COUNT FOR FALLBACK ATTEMPTS                       :        0
'1': Reading status register contents...
[0] CRC ERROR                                                              :        0
[1] IDCODE ERROR                                                           :        0
[2] DCM LOCK STATUS                                                        :        1
[3] GTS_CFG_B STATUS                                                       :        1
[4] GWE STATUS                                                             :        1
[5] GHIGH STATUS                                                           :        1
[6] DECRYPTION ERROR                                                       :        0
[7] DECRYPTOR ENABLE                                                       :        0
[8] HSWAPEN PIN                                                            :        1
[9] MODE PIN M[0]                                                          :        1
[10] MODE PIN M[1]                                                         :        1
[11] RESERVED                                                              :        0
[12] INIT_B PIN                                                            :        1
[13] DONE PIN                                                              :        1
[14] SUSPEND STATUS                                                        :        0
[15] FALLBACK STATUS                                                       :        0
INFO:iMPACT - Current time: 12/8/16 5:55 PM
// *** BATCH CMD : Program -p 1 
Maximum TCK operating frequency for this device chain: 0.
Validating chain...
Boundary-scan chain validated successfully.
PROGRESS_START - Starting Operation.
'1': Programming device...
 LCK_cycle = NoWait.
LCK cycle: NoWait
done.
'1': Reading status register contents...
[0] CRC ERROR                                                              :        0
[1] IDCODE ERROR                                                           :        0
[2] DCM LOCK STATUS                                                        :        0
[3] GTS_CFG_B STATUS                                                       :        1
[4] GWE STATUS                                                             :        1
[5] GHIGH STATUS                                                           :        1
[6] DECRYPTION ERROR                                                       :        0
[7] DECRYPTOR ENABLE                                                       :        0
[8] HSWAPEN PIN                                                            :        1
[9] MODE PIN M[0]                                                          :        1
[10] MODE PIN M[1]                                                         :        1
[11] RESERVED                                                              :        0
[12] INIT_B PIN                                                            :        1
[13] DONE PIN                                                              :        1
[14] SUSPEND STATUS                                                        :        0
[15] FALLBACK STATUS                                                       :        0
INFO:iMPACT:2219 - Status register values:
INFO:iMPACT - 0001 1100 1110 1100 
INFO:iMPACT:579 - '1': Completed downloading bit file to device.
INFO:iMPACT:188 - '1': Programming completed successfully.
 LCK_cycle = NoWait.
LCK cycle: NoWait
INFO:iMPACT - '1': Checking done pin....done.
'1': Programmed successfully.
PROGRESS_END - End Operation.
Elapsed time =      8 sec.
INFO:iMPACT - Current time: 12/8/16 5:55 PM
// *** BATCH CMD : ReadStatusRegister -p 1 
Maximum TCK operating frequency for this device chain: 0.
Validating chain...
Boundary-scan chain validated successfully.
'1': Reading bootsts register contents...
[0] VALID_0 - ERROR OR END OF STARTUP (EOS) DETECTED                       :        1
[1] FALLBACK_0 - FALLBACK RECONFIGURATION ATTEMPT DETECTED                 :        0
[2] RESERVED                                                               :        0
[3] WTO_ERROR_0 - WATCHDOG TIME OUT ERROR                                  :        0
[4] ID_ERROR_0 - FPGA DEVICE IDCODE ERROR                                  :        0
[5] CRC_ERROR_0 - CYCLIC REDUNDANCY CHECK (CRC) ERROR                      :        0
[6] VALID_1 - ERROR OR END OF STARTUP (EOS) DETECTED                       :        0
[7] FALLBACK_1 - FALLBACK RECONFIGURATION ATTEMPT DETECTED                 :        0
[8] RESERVED                                                               :        0
[9] WTO_ERROR_1 - WATCHDOG TIME OUT ERROR                                  :        0
[10] ID_ERROR_1 - FPGA DEVICE IDCODE ERROR                                 :        0
[11] CRC_ERROR_1 - CYCLIC REDUNDANCY CHECK (CRC) ERROR                     :        0
[12] STRIKE CNT - STRIKE COUNT FOR FALLBACK ATTEMPTS                       :        0
[13] STRIKE_CNT - STRIKE COUNT FOR FALLBACK ATTEMPTS                       :        0
[14] STRIKE_CNT - STRIKE COUNT FOR FALLBACK ATTEMPTS                       :        0
[15] STRIKE_CNT - STRIKE COUNT FOR FALLBACK ATTEMPTS                       :        0
'1': Reading status register contents...
[0] CRC ERROR                                                              :        0
[1] IDCODE ERROR                                                           :        0
[2] DCM LOCK STATUS                                                        :        1
[3] GTS_CFG_B STATUS                                                       :        1
[4] GWE STATUS                                                             :        1
[5] GHIGH STATUS                                                           :        1
[6] DECRYPTION ERROR                                                       :        0
[7] DECRYPTOR ENABLE                                                       :        0
[8] HSWAPEN PIN                                                            :        1
[9] MODE PIN M[0]                                                          :        1
[10] MODE PIN M[1]                                                         :        1
[11] RESERVED                                                              :        0
[12] INIT_B PIN                                                            :        1
[13] DONE PIN                                                              :        1
[14] SUSPEND STATUS                                                        :        0
[15] FALLBACK STATUS                                                       :        0
INFO:iMPACT - Current time: 12/8/16 5:56 PM
// *** BATCH CMD : Program -p 1 
Maximum TCK operating frequency for this device chain: 0.
Validating chain...
Boundary-scan chain validated successfully.
PROGRESS_START - Starting Operation.
'1': Programming device...
 LCK_cycle = NoWait.
LCK cycle: NoWait
done.
'1': Reading status register contents...
[0] CRC ERROR                                                              :        0
[1] IDCODE ERROR                                                           :        0
[2] DCM LOCK STATUS                                                        :        0
[3] GTS_CFG_B STATUS                                                       :        1
[4] GWE STATUS                                                             :        1
[5] GHIGH STATUS                                                           :        1
[6] DECRYPTION ERROR                                                       :        0
[7] DECRYPTOR ENABLE                                                       :        0
[8] HSWAPEN PIN                                                            :        1
[9] MODE PIN M[0]                                                          :        1
[10] MODE PIN M[1]                                                         :        1
[11] RESERVED                                                              :        0
[12] INIT_B PIN                                                            :        1
[13] DONE PIN                                                              :        1
[14] SUSPEND STATUS                                                        :        0
[15] FALLBACK STATUS                                                       :        0
INFO:iMPACT:2219 - Status register values:
INFO:iMPACT - 0001 1100 1110 1100 
INFO:iMPACT:579 - '1': Completed downloading bit file to device.
INFO:iMPACT:188 - '1': Programming completed successfully.
 LCK_cycle = NoWait.
LCK cycle: NoWait
INFO:iMPACT - '1': Checking done pin....done.
'1': Programmed successfully.
PROGRESS_END - End Operation.
Elapsed time =      8 sec.
INFO:iMPACT - User_EnvOsname: 'Ubuntu'
INFO:iMPACT - User_EnvOsrelease: 'Ubuntu 16.04.1 LTS'
// *** BATCH CMD : setMode -bs
INFO:iMPACT - Launching WebTalk, please refer to the webtalk log at   /home/kouhei/dmix/ise/nkmm_arch/webtalk.log for details.
INFO:iMPACT - Running wbtc successfully.
// *** BATCH CMD : setMode -bs
// *** BATCH CMD : deleteDevice -position 1
// *** BATCH CMD : setMode -bs
// *** BATCH CMD : setMode -ss
// *** BATCH CMD : setMode -sm
// *** BATCH CMD : setMode -hw140
// *** BATCH CMD : setMode -spi
// *** BATCH CMD : setMode -acecf
// *** BATCH CMD : setMode -acempm
// *** BATCH CMD : setMode -pff
